生成启动时间为 2016/5/15 23:32:12。
     1>项目“D:\visual studio 2013 project\SRTP_Emotion_Recognization\EmotionRecognizationClassifier\EmotionRecognizationClassifier.vcxproj”在节点 2 上(Build 个目标)。
     1>ClCompile:
         D:\Program files\Microsoft Visual Studio 12.0\VC\bin\CL.exe /c /ID:\opencv\build\include\opencv2 /ID:\opencv\build\include\opencv /ID:\opencv\build\include /ZI /nologo /W3 /WX- /sdl /Od /Oy- /D _CRT_SECURE_NO_WARNINGS /D _MBCS /Gm /EHsc /RTC1 /MDd /GS /fp:precise /Zc:wchar_t /Zc:forScope /Fo"Debug\\" /Fd"Debug\vc120.pdb" /Gd /TP /analyze- /errorReport:prompt knn.cpp main.cpp
         main.cpp
     1>d:\visual studio 2013 project\srtp_emotion_recognization\emotionrecognizationclassifier\knn.h : warning C4819: 该文件包含不能在当前代码页(936)中表示的字符。请将该文件保存为 Unicode 格式以防止数据丢失
         knn.cpp
     1>d:\visual studio 2013 project\srtp_emotion_recognization\emotionrecognizationclassifier\knn.cpp : warning C4819: 该文件包含不能在当前代码页(936)中表示的字符。请将该文件保存为 Unicode 格式以防止数据丢失
     1>d:\visual studio 2013 project\srtp_emotion_recognization\emotionrecognizationclassifier\knn.h : warning C4819: 该文件包含不能在当前代码页(936)中表示的字符。请将该文件保存为 Unicode 格式以防止数据丢失
         正在生成代码...
       Link:
         D:\Program files\Microsoft Visual Studio 12.0\VC\bin\link.exe /ERRORREPORT:PROMPT /OUT:"D:\visual studio 2013 project\SRTP_Emotion_Recognization\EmotionRecognizationClassifier\Debug\EmotionRecognizationClassifier.exe" /INCREMENTAL /NOLOGO /LIBPATH:D:\opencv\build\x86\vc12\lib /LIBPATH:D:\opencv\build\x64\vc12\lib opencv_calib3d2411d.lib opencv_contrib2411d.lib opencv_core2411d.lib opencv_features2d2411d.lib opencv_flann2411d.lib opencv_gpu2411d.lib opencv_highgui2411d.lib opencv_imgproc2411d.lib opencv_legacy2411d.lib opencv_ml2411d.lib opencv_nonfree2411d.lib opencv_objdetect2411d.lib opencv_ocl2411d.lib opencv_photo2411d.lib opencv_stitching2411d.lib opencv_superres2411d.lib opencv_ts2411d.lib opencv_video2411d.lib opencv_videostab2411d.lib kernel32.lib user32.lib gdi32.lib winspool.lib comdlg32.lib advapi32.lib shell32.lib ole32.lib oleaut32.lib uuid.lib odbc32.lib odbccp32.lib /MANIFEST /MANIFESTUAC:"level='asInvoker' uiAccess='false'" /manifest:embed /DEBUG /PDB:"D:\visual studio 2013 project\SRTP_Emotion_Recognization\EmotionRecognizationClassifier\Debug\EmotionRecognizationClassifier.pdb" /TLBID:1 /DYNAMICBASE /NXCOMPAT /IMPLIB:"D:\visual studio 2013 project\SRTP_Emotion_Recognization\EmotionRecognizationClassifier\Debug\EmotionRecognizationClassifier.lib" /MACHINE:X86 Debug\CvClassifierDriver.obj
         Debug\cvd.obj
         Debug\cvrt.obj
         Debug\knn.obj
         Debug\main.obj
         Debug\svm.obj
         Debug\tools.obj
         EmotionRecognizationClassifier.vcxproj -> D:\visual studio 2013 project\SRTP_Emotion_Recognization\EmotionRecognizationClassifier\Debug\EmotionRecognizationClassifier.exe
     1>已完成生成项目“D:\visual studio 2013 project\SRTP_Emotion_Recognization\EmotionRecognizationClassifier\EmotionRecognizationClassifier.vcxproj”(Build 个目标)的操作。

生成成功。

已用时间 00:00:01.84
